<?xml version="1.0" encoding="UTF-8"?>
<!-- Generated by org.testng.reporters.JUnitReportReporter -->
<testsuite hostname="LAPTOP-UOSNP22B" failures="0" tests="1" name="TestCases.QaLegend_TestCases" time="11.087" errors="0" timestamp="2024-07-18T08:29:28 IST" skipped="0">
  <testcase classname="TestCases.QaLegend_TestCases" name="addClients" time="11.087"/>
</testsuite> <!-- TestCases.QaLegend_TestCases -->
