<?xml version="1.0" encoding="UTF-8"?>
<!-- Generated by org.testng.reporters.JUnitReportReporter -->
<testsuite hostname="LAPTOP-UOSNP22B" failures="0" tests="2" name="TestCases.QaLegend_TestCases" time="21.383" errors="0" timestamp="2024-07-16T22:15:41 IST" skipped="0">
  <testcase classname="TestCases.QaLegend_TestCases" name="addTicket1" time="11.012"/>
  <testcase classname="TestCases.QaLegend_TestCases" name="addTicket1" time="10.371"/>
</testsuite> <!-- TestCases.QaLegend_TestCases -->
