<?xml version="1.0" encoding="UTF-8"?>
<!-- Generated by org.testng.reporters.JUnitReportReporter -->
<testsuite hostname="LAPTOP-UOSNP22B" failures="0" tests="1" name="TestCases.QaLegend_TestCases" time="7.376" errors="0" timestamp="2024-07-02T20:47:26 IST" skipped="0">
  <testcase classname="TestCases.QaLegend_TestCases" name="forgotPasswordLink" time="7.376"/>
</testsuite> <!-- TestCases.QaLegend_TestCases -->
