<?xml version="1.0" encoding="UTF-8"?>
<!-- Generated by org.testng.reporters.JUnitReportReporter -->
<testsuite hostname="LAPTOP-UOSNP22B" failures="0" tests="1" name="TestCases.QaLegend_TestCases" time="12.376" errors="0" timestamp="2024-07-17T21:34:42 IST" skipped="0">
  <testcase classname="TestCases.QaLegend_TestCases" name="addTicket" time="12.376"/>
</testsuite> <!-- TestCases.QaLegend_TestCases -->
