<?xml version="1.0" encoding="UTF-8"?>
<!-- Generated by org.testng.reporters.JUnitReportReporter -->
<testsuite hostname="LAPTOP-UOSNP22B" failures="0" tests="1" name="TestCases.QaLegend_TestCases" time="28.865" errors="0" timestamp="2024-07-17T20:21:45 IST" skipped="0">
  <testcase classname="TestCases.QaLegend_TestCases" name="addTicket" time="28.865"/>
</testsuite> <!-- TestCases.QaLegend_TestCases -->
