<?xml version="1.0" encoding="UTF-8"?>
<!-- Generated by org.testng.reporters.JUnitReportReporter -->
<testsuite hostname="LAPTOP-UOSNP22B" failures="0" tests="2" name="TestCases.QaLegend_TestCases" time="17.067" errors="0" timestamp="2024-06-23T17:24:21 IST" skipped="0">
  <testcase classname="TestCases.QaLegend_TestCases" name="LoginNew" time="8.704"/>
  <testcase classname="TestCases.QaLegend_TestCases" name="addNotes" time="8.363"/>
</testsuite> <!-- TestCases.QaLegend_TestCases -->
